<?xml version="1.0" encoding="UTF-8"?>
<!-- Generated by org.testng.reporters.JUnitReportReporter -->
<testsuite skipped="1" hostname="DESKTOP-RVK5SQO" name="com.qa.tests.WeatherInfoTests" tests="1" failures="0" timestamp="29 Oct 2018 01:32:10 GMT" time="0.000" errors="0">
  <testcase name="getWeatherDetailsWithCorrectCityNameTest" time="0.000" classname="com.qa.tests.WeatherInfoTests">
    <skipped/>
  </testcase> <!-- getWeatherDetailsWithCorrectCityNameTest -->
</testsuite> <!-- com.qa.tests.WeatherInfoTests -->
